<?xml version="1.0" encoding="UTF-8"?>
<!-- Generated by org.testng.reporters.JUnitReportReporter -->
<testsuite hostname="DESKTOP-TCLPQKU" failures="0" tests="2" name="com.ninza.hrm.api.projecttest.ProjectTest" time="1.133" errors="0" timestamp="2024-08-05T10:52:13 IST" skipped="0">
  <testcase classname="com.ninza.hrm.api.projecttest.ProjectTest" name="addDuplicateProjectTest" time="0.044"/>
  <testcase classname="com.ninza.hrm.api.projecttest.ProjectTest" name="addSingleProjectWithCreatedTest" time="1.089"/>
</testsuite> <!-- com.ninza.hrm.api.projecttest.ProjectTest -->
