<?xml version="1.0" encoding="UTF-8"?>
<!-- Generated by org.testng.reporters.JUnitReportReporter -->
<testsuite hostname="DESKTOP-TCLPQKU" failures="0" tests="2" name="com.ninza.hrm.api.emptest.EmployeeTest" time="2.454" errors="0" timestamp="2024-08-05T10:52:13 IST" skipped="0">
  <testcase classname="com.ninza.hrm.api.emptest.EmployeeTest" name="addEmployeTest" time="2.353"/>
  <testcase classname="com.ninza.hrm.api.emptest.EmployeeTest" name="addEmployeWithOutEmail" time="0.101"/>
</testsuite> <!-- com.ninza.hrm.api.emptest.EmployeeTest -->
