<?xml version="1.0" encoding="UTF-8"?>
<!-- Generated by org.testng.reporters.JUnitReportReporter -->
<testsuite hostname="DESKTOP-TCLPQKU" failures="0" tests="2" name="com.ninza.hrm.api.emptest.EmployeeTest" time="1.591" errors="0" timestamp="2024-07-31T09:40:04 IST" skipped="0">
  <testcase classname="com.ninza.hrm.api.emptest.EmployeeTest" name="addEmployeWithOutEmail" time="0.087"/>
  <testcase classname="com.ninza.hrm.api.emptest.EmployeeTest" name="addEmployeTest" time="1.504"/>
</testsuite> <!-- com.ninza.hrm.api.emptest.EmployeeTest -->
