<?xml version="1.0" encoding="UTF-8"?>
<!-- Generated by org.testng.reporters.JUnitReportReporter -->
<testsuite hostname="DESKTOP-TCLPQKU" failures="0" tests="2" name="com.ninza.hrm.api.projecttest.ProjectTest" time="0.684" errors="0" timestamp="2024-07-31T13:23:11 IST" skipped="0">
  <testcase classname="com.ninza.hrm.api.projecttest.ProjectTest" name="addSingleProjectWithCreatedTest" time="0.600"/>
  <testcase classname="com.ninza.hrm.api.projecttest.ProjectTest" name="addDuplicateProjectTest" time="0.084"/>
</testsuite> <!-- com.ninza.hrm.api.projecttest.ProjectTest -->
